<?xml version="1.0" encoding="UTF-8"?>
<testng-results ignored="0" total="2" passed="2" failed="0" skipped="0">
  <reporter-output>
  </reporter-output>
  <suite started-at="2022-08-04T21:36:52 IST" name="Suite" finished-at="2022-08-04T21:37:12 IST" duration-ms="19880">
    <groups>
    </groups>
    <test started-at="2022-08-04T21:36:52 IST" name="Test" finished-at="2022-08-04T21:37:12 IST" duration-ms="19880">
      <class name="medical.TEAm.Test20822">
        <test-method is-config="true" signature="open_browser()[pri:0, instance:medical.TEAm.Test20822@62f68dff]" started-at="2022-08-04T21:36:52 IST" name="open_browser" finished-at="2022-08-04T21:37:00 IST" duration-ms="8147" status="PASS">
          <reporter-output>
          </reporter-output>
        </test-method> <!-- open_browser -->
        <test-method signature="checking(java.lang.String,java.lang.String)[pri:1, instance:medical.TEAm.Test20822@62f68dff]" started-at="2022-08-04T21:37:00 IST" name="checking" data-provider="credentials" finished-at="2022-08-04T21:37:06 IST" duration-ms="6467" status="PASS">
          <params>
            <param index="0">
              <value>
                <![CDATA[aravind]]>
              </value>
            </param>
            <param index="1">
              <value>
                <![CDATA[aravindcherry16@gmail.com]]>
              </value>
            </param>
          </params>
          <reporter-output>
          </reporter-output>
        </test-method> <!-- checking -->
        <test-method signature="checking(java.lang.String,java.lang.String)[pri:1, instance:medical.TEAm.Test20822@62f68dff]" started-at="2022-08-04T21:37:06 IST" name="checking" data-provider="credentials" finished-at="2022-08-04T21:37:12 IST" duration-ms="5233" status="PASS">
          <params>
            <param index="0">
              <value>
                <![CDATA[viral@gmail.com]]>
              </value>
            </param>
            <param index="1">
              <value>
                <![CDATA[viral@1234]]>
              </value>
            </param>
          </params>
          <reporter-output>
          </reporter-output>
        </test-method> <!-- checking -->
        <test-method is-config="true" signature="Screenshot(org.testng.ITestResult)[pri:0, instance:medical.TEAm.Test20822@62f68dff]" started-at="2022-08-04T21:37:06 IST" name="Screenshot" finished-at="2022-08-04T21:37:06 IST" duration-ms="0" status="PASS">
          <params>
            <param index="0">
              <value>
                <![CDATA[[TestResult name=checking status=SUCCESS method=Test20822.checking(java.lang.String,java.lang.String)[pri:1, instance:medical.TEAm.Test20822@62f68dff] output={null}]]]>
              </value>
            </param>
          </params>
          <reporter-output>
          </reporter-output>
        </test-method> <!-- Screenshot -->
        <test-method is-config="true" signature="Screenshot(org.testng.ITestResult)[pri:0, instance:medical.TEAm.Test20822@62f68dff]" started-at="2022-08-04T21:37:12 IST" name="Screenshot" finished-at="2022-08-04T21:37:12 IST" duration-ms="0" status="PASS">
          <params>
            <param index="0">
              <value>
                <![CDATA[[TestResult name=checking status=SUCCESS method=Test20822.checking(java.lang.String,java.lang.String)[pri:1, instance:medical.TEAm.Test20822@62f68dff] output={null}]]]>
              </value>
            </param>
          </params>
          <reporter-output>
          </reporter-output>
        </test-method> <!-- Screenshot -->
      </class> <!-- medical.TEAm.Test20822 -->
    </test> <!-- Test -->
  </suite> <!-- Suite -->
</testng-results>
