<?xml version="1.0" encoding="UTF-8"?>
<testng-results ignored="0" total="2" passed="2" failed="0" skipped="0">
  <reporter-output>
  </reporter-output>
  <suite started-at="2022-08-03T13:31:48 IST" name="Suite" finished-at="2022-08-03T13:32:23 IST" duration-ms="35534">
    <groups>
    </groups>
    <test started-at="2022-08-03T13:31:48 IST" name="Test" finished-at="2022-08-03T13:32:23 IST" duration-ms="35534">
      <class name="medical.TEAm.Test20822">
        <test-method is-config="true" signature="open_browser()[pri:0, instance:medical.TEAm.Test20822@5bfa8cc5]" started-at="2022-08-03T13:31:48 IST" name="open_browser" finished-at="2022-08-03T13:32:09 IST" duration-ms="21757" status="PASS">
          <reporter-output>
          </reporter-output>
        </test-method> <!-- open_browser -->
        <test-method signature="checking(java.lang.String,java.lang.String)[pri:1, instance:medical.TEAm.Test20822@5bfa8cc5]" started-at="2022-08-03T13:32:09 IST" name="checking" data-provider="credentials" finished-at="2022-08-03T13:32:16 IST" duration-ms="7034" status="PASS">
          <params>
            <param index="0">
              <value>
                <![CDATA[aravind]]>
              </value>
            </param>
            <param index="1">
              <value>
                <![CDATA[aravindcherry16@gmail.com]]>
              </value>
            </param>
          </params>
          <reporter-output>
          </reporter-output>
        </test-method> <!-- checking -->
        <test-method is-config="true" signature="Screenshot(org.testng.ITestResult)[pri:0, instance:medical.TEAm.Test20822@5bfa8cc5]" started-at="2022-08-03T13:32:16 IST" name="Screenshot" finished-at="2022-08-03T13:32:16 IST" duration-ms="2" status="PASS">
          <params>
            <param index="0">
              <value>
                <![CDATA[[TestResult name=checking status=SUCCESS method=Test20822.checking(java.lang.String,java.lang.String)[pri:1, instance:medical.TEAm.Test20822@5bfa8cc5] output={null}]]]>
              </value>
            </param>
          </params>
          <reporter-output>
          </reporter-output>
        </test-method> <!-- Screenshot -->
        <test-method signature="checking(java.lang.String,java.lang.String)[pri:1, instance:medical.TEAm.Test20822@5bfa8cc5]" started-at="2022-08-03T13:32:16 IST" name="checking" data-provider="credentials" finished-at="2022-08-03T13:32:23 IST" duration-ms="6667" status="PASS">
          <params>
            <param index="0">
              <value>
                <![CDATA[viral@gmail.com]]>
              </value>
            </param>
            <param index="1">
              <value>
                <![CDATA[viral@1234]]>
              </value>
            </param>
          </params>
          <reporter-output>
          </reporter-output>
        </test-method> <!-- checking -->
        <test-method is-config="true" signature="Screenshot(org.testng.ITestResult)[pri:0, instance:medical.TEAm.Test20822@5bfa8cc5]" started-at="2022-08-03T13:32:23 IST" name="Screenshot" finished-at="2022-08-03T13:32:23 IST" duration-ms="0" status="PASS">
          <params>
            <param index="0">
              <value>
                <![CDATA[[TestResult name=checking status=SUCCESS method=Test20822.checking(java.lang.String,java.lang.String)[pri:1, instance:medical.TEAm.Test20822@5bfa8cc5] output={null}]]]>
              </value>
            </param>
          </params>
          <reporter-output>
          </reporter-output>
        </test-method> <!-- Screenshot -->
      </class> <!-- medical.TEAm.Test20822 -->
    </test> <!-- Test -->
  </suite> <!-- Suite -->
</testng-results>
